2026-04-23 16:41:37 | INFO    | finalize | [PASS] csv_eq_parquet[pornhub.com-db.csv] {"csv_rows": 1307158, "parquet_rows": 1307158}
2026-04-23 16:41:39 | INFO    | finalize | [PASS] parquet_eq_sqlite {"parquet_total": 1307158, "sqlite_rows": 1307158}
2026-04-23 16:41:40 | INFO    | finalize | [PASS] shard_open[videos_part_1.db] {"rows": 51258, "size_mb": 200.72}
2026-04-23 16:41:40 | INFO    | finalize | [PASS] shard_count_eq_map[videos_part_1.db] {"shard": 51258, "map": 51258}
2026-04-23 16:41:40 | INFO    | finalize | [PASS] shard_indexes[videos_part_1.db] {"have": [], "want_for": []}
2026-04-23 16:41:42 | INFO    | finalize | [PASS] shard_open[videos_part_2.db] {"rows": 51258, "size_mb": 200.72}
2026-04-23 16:41:42 | INFO    | finalize | [PASS] shard_count_eq_map[videos_part_2.db] {"shard": 51258, "map": 51258}
2026-04-23 16:41:42 | INFO    | finalize | [PASS] shard_indexes[videos_part_2.db] {"have": [], "want_for": []}
2026-04-23 16:41:43 | INFO    | finalize | [PASS] shard_open[videos_part_3.db] {"rows": 51258, "size_mb": 200.72}
2026-04-23 16:41:43 | INFO    | finalize | [PASS] shard_count_eq_map[videos_part_3.db] {"shard": 51258, "map": 51258}
2026-04-23 16:41:43 | INFO    | finalize | [PASS] shard_indexes[videos_part_3.db] {"have": [], "want_for": []}
2026-04-23 16:41:45 | INFO    | finalize | [PASS] shard_open[videos_part_4.db] {"rows": 51258, "size_mb": 200.72}
2026-04-23 16:41:45 | INFO    | finalize | [PASS] shard_count_eq_map[videos_part_4.db] {"shard": 51258, "map": 51258}
2026-04-23 16:41:45 | INFO    | finalize | [PASS] shard_indexes[videos_part_4.db] {"have": [], "want_for": []}
2026-04-23 16:41:46 | INFO    | finalize | [PASS] shard_open[videos_part_5.db] {"rows": 51258, "size_mb": 200.73}
2026-04-23 16:41:46 | INFO    | finalize | [PASS] shard_count_eq_map[videos_part_5.db] {"shard": 51258, "map": 51258}
2026-04-23 16:41:46 | INFO    | finalize | [PASS] shard_indexes[videos_part_5.db] {"have": [], "want_for": []}
2026-04-23 16:41:48 | INFO    | finalize | [PASS] shard_open[videos_part_6.db] {"rows": 51258, "size_mb": 200.73}
2026-04-23 16:41:48 | INFO    | finalize | [PASS] shard_count_eq_map[videos_part_6.db] {"shard": 51258, "map": 51258}
2026-04-23 16:41:48 | INFO    | finalize | [PASS] shard_indexes[videos_part_6.db] {"have": [], "want_for": []}
2026-04-23 16:41:49 | INFO    | finalize | [PASS] shard_open[videos_part_7.db] {"rows": 51258, "size_mb": 200.73}
2026-04-23 16:41:49 | INFO    | finalize | [PASS] shard_count_eq_map[videos_part_7.db] {"shard": 51258, "map": 51258}
2026-04-23 16:41:49 | INFO    | finalize | [PASS] shard_indexes[videos_part_7.db] {"have": [], "want_for": []}
2026-04-23 16:41:51 | INFO    | finalize | [PASS] shard_open[videos_part_8.db] {"rows": 51258, "size_mb": 200.73}
2026-04-23 16:41:51 | INFO    | finalize | [PASS] shard_count_eq_map[videos_part_8.db] {"shard": 51258, "map": 51258}
2026-04-23 16:41:51 | INFO    | finalize | [PASS] shard_indexes[videos_part_8.db] {"have": [], "want_for": []}
2026-04-23 16:41:52 | INFO    | finalize | [PASS] shard_open[videos_part_9.db] {"rows": 51258, "size_mb": 200.73}
2026-04-23 16:41:52 | INFO    | finalize | [PASS] shard_count_eq_map[videos_part_9.db] {"shard": 51258, "map": 51258}
2026-04-23 16:41:52 | INFO    | finalize | [PASS] shard_indexes[videos_part_9.db] {"have": [], "want_for": []}
2026-04-23 16:41:54 | INFO    | finalize | [PASS] shard_open[videos_part_10.db] {"rows": 51258, "size_mb": 200.73}
2026-04-23 16:41:54 | INFO    | finalize | [PASS] shard_count_eq_map[videos_part_10.db] {"shard": 51258, "map": 51258}
2026-04-23 16:41:54 | INFO    | finalize | [PASS] shard_indexes[videos_part_10.db] {"have": [], "want_for": []}
2026-04-23 16:41:55 | INFO    | finalize | [PASS] shard_open[videos_part_11.db] {"rows": 51258, "size_mb": 200.79}
2026-04-23 16:41:55 | INFO    | finalize | [PASS] shard_count_eq_map[videos_part_11.db] {"shard": 51258, "map": 51258}
2026-04-23 16:41:55 | INFO    | finalize | [PASS] shard_indexes[videos_part_11.db] {"have": [], "want_for": []}
2026-04-23 16:41:57 | INFO    | finalize | [PASS] shard_open[videos_part_12.db] {"rows": 51258, "size_mb": 200.74}
2026-04-23 16:41:57 | INFO    | finalize | [PASS] shard_count_eq_map[videos_part_12.db] {"shard": 51258, "map": 51258}
2026-04-23 16:41:57 | INFO    | finalize | [PASS] shard_indexes[videos_part_12.db] {"have": [], "want_for": []}
2026-04-23 16:41:58 | INFO    | finalize | [PASS] shard_open[videos_part_13.db] {"rows": 51258, "size_mb": 200.75}
2026-04-23 16:41:58 | INFO    | finalize | [PASS] shard_count_eq_map[videos_part_13.db] {"shard": 51258, "map": 51258}
2026-04-23 16:41:58 | INFO    | finalize | [PASS] shard_indexes[videos_part_13.db] {"have": [], "want_for": []}
2026-04-23 16:42:00 | INFO    | finalize | [PASS] shard_open[videos_part_14.db] {"rows": 51258, "size_mb": 200.74}
2026-04-23 16:42:00 | INFO    | finalize | [PASS] shard_count_eq_map[videos_part_14.db] {"shard": 51258, "map": 51258}
2026-04-23 16:42:00 | INFO    | finalize | [PASS] shard_indexes[videos_part_14.db] {"have": [], "want_for": []}
2026-04-23 16:42:02 | INFO    | finalize | [PASS] shard_open[videos_part_15.db] {"rows": 51258, "size_mb": 200.73}
2026-04-23 16:42:02 | INFO    | finalize | [PASS] shard_count_eq_map[videos_part_15.db] {"shard": 51258, "map": 51258}
2026-04-23 16:42:02 | INFO    | finalize | [PASS] shard_indexes[videos_part_15.db] {"have": [], "want_for": []}
2026-04-23 16:42:03 | INFO    | finalize | [PASS] shard_open[videos_part_16.db] {"rows": 51258, "size_mb": 200.75}
2026-04-23 16:42:03 | INFO    | finalize | [PASS] shard_count_eq_map[videos_part_16.db] {"shard": 51258, "map": 51258}
2026-04-23 16:42:03 | INFO    | finalize | [PASS] shard_indexes[videos_part_16.db] {"have": [], "want_for": []}
2026-04-23 16:42:05 | INFO    | finalize | [PASS] shard_open[videos_part_17.db] {"rows": 51258, "size_mb": 200.81}
2026-04-23 16:42:05 | INFO    | finalize | [PASS] shard_count_eq_map[videos_part_17.db] {"shard": 51258, "map": 51258}
2026-04-23 16:42:05 | INFO    | finalize | [PASS] shard_indexes[videos_part_17.db] {"have": [], "want_for": []}
2026-04-23 16:42:06 | INFO    | finalize | [PASS] shard_open[videos_part_18.db] {"rows": 51258, "size_mb": 200.73}
2026-04-23 16:42:06 | INFO    | finalize | [PASS] shard_count_eq_map[videos_part_18.db] {"shard": 51258, "map": 51258}
2026-04-23 16:42:06 | INFO    | finalize | [PASS] shard_indexes[videos_part_18.db] {"have": [], "want_for": []}
2026-04-23 16:42:08 | INFO    | finalize | [PASS] shard_open[videos_part_19.db] {"rows": 51258, "size_mb": 200.75}
2026-04-23 16:42:08 | INFO    | finalize | [PASS] shard_count_eq_map[videos_part_19.db] {"shard": 51258, "map": 51258}
2026-04-23 16:42:08 | INFO    | finalize | [PASS] shard_indexes[videos_part_19.db] {"have": [], "want_for": []}
2026-04-23 16:42:09 | INFO    | finalize | [PASS] shard_open[videos_part_20.db] {"rows": 51258, "size_mb": 200.76}
2026-04-23 16:42:09 | INFO    | finalize | [PASS] shard_count_eq_map[videos_part_20.db] {"shard": 51258, "map": 51258}
2026-04-23 16:42:09 | INFO    | finalize | [PASS] shard_indexes[videos_part_20.db] {"have": [], "want_for": []}
2026-04-23 16:42:10 | INFO    | finalize | [PASS] shard_open[videos_part_21.db] {"rows": 51258, "size_mb": 200.74}
2026-04-23 16:42:10 | INFO    | finalize | [PASS] shard_count_eq_map[videos_part_21.db] {"shard": 51258, "map": 51258}
2026-04-23 16:42:10 | INFO    | finalize | [PASS] shard_indexes[videos_part_21.db] {"have": [], "want_for": []}
2026-04-23 16:42:12 | INFO    | finalize | [PASS] shard_open[videos_part_22.db] {"rows": 51258, "size_mb": 200.72}
2026-04-23 16:42:12 | INFO    | finalize | [PASS] shard_count_eq_map[videos_part_22.db] {"shard": 51258, "map": 51258}
2026-04-23 16:42:12 | INFO    | finalize | [PASS] shard_indexes[videos_part_22.db] {"have": [], "want_for": []}
2026-04-23 16:42:13 | INFO    | finalize | [PASS] shard_open[videos_part_23.db] {"rows": 51258, "size_mb": 200.73}
2026-04-23 16:42:13 | INFO    | finalize | [PASS] shard_count_eq_map[videos_part_23.db] {"shard": 51258, "map": 51258}
2026-04-23 16:42:13 | INFO    | finalize | [PASS] shard_indexes[videos_part_23.db] {"have": [], "want_for": []}
2026-04-23 16:42:15 | INFO    | finalize | [PASS] shard_open[videos_part_24.db] {"rows": 51258, "size_mb": 200.73}
2026-04-23 16:42:15 | INFO    | finalize | [PASS] shard_count_eq_map[videos_part_24.db] {"shard": 51258, "map": 51258}
2026-04-23 16:42:15 | INFO    | finalize | [PASS] shard_indexes[videos_part_24.db] {"have": [], "want_for": []}
2026-04-23 16:42:16 | INFO    | finalize | [PASS] shard_open[videos_part_25.db] {"rows": 51258, "size_mb": 200.72}
2026-04-23 16:42:16 | INFO    | finalize | [PASS] shard_count_eq_map[videos_part_25.db] {"shard": 51258, "map": 51258}
2026-04-23 16:42:16 | INFO    | finalize | [PASS] shard_indexes[videos_part_25.db] {"have": [], "want_for": []}
2026-04-23 16:42:17 | INFO    | finalize | [PASS] shard_open[videos_part_26.db] {"rows": 25708, "size_mb": 100.68}
2026-04-23 16:42:17 | INFO    | finalize | [PASS] shard_count_eq_map[videos_part_26.db] {"shard": 25708, "map": 25708}
2026-04-23 16:42:17 | INFO    | finalize | [PASS] shard_indexes[videos_part_26.db] {"have": [], "want_for": []}
2026-04-23 16:42:17 | INFO    | finalize | [PASS] sum_shards_eq_sqlite {"shards_total": 1307158, "sqlite_rows": 1307158}
2026-04-23 16:42:17 | INFO    | finalize | [PASS] csv_eq_sum_shards {"csv_total": 1307158, "shards_total": 1307158}
2026-04-23 16:42:17 | INFO    | finalize | [PASS] index_eq_source {"index_rows": 1307158, "source_rows": 1307158}
2026-04-23 16:42:17 | INFO    | finalize | [PASS] index_no_null_titles {"null_titles": 0}
