2026-04-23 16:31:23 | INFO    | shard_db | Using cached row count: 1307158
2026-04-23 16:31:23 | INFO    | shard_db | Source: 1307158 rows in /home/runner/workspace/output/database.db.videos (cols=43)
2026-04-23 16:31:23 | INFO    | shard_db | Shard plan: 51258 rows/shard → saved to /home/runner/workspace/output/db_shards/.shard_plan.json
2026-04-23 16:31:23 | INFO    | shard_db | Using ~51258 rows per shard
2026-04-23 16:31:23 | INFO    | shard_db | Creating shard /home/runner/workspace/output/db_shards/videos_part_1.db (offset=0, rows=51258)
2026-04-23 16:31:25 | INFO    | shard_db | Finalizing shard 1 (rows 1..51258)
2026-04-23 16:31:25 | INFO    | shard_db | Shard videos_part_1.db -> 200.7 MB
2026-04-23 16:31:25 | INFO    | shard_db | Creating shard /home/runner/workspace/output/db_shards/videos_part_2.db (offset=51258, rows=51258)
2026-04-23 16:31:27 | INFO    | shard_db | Finalizing shard 2 (rows 51259..102516)
2026-04-23 16:31:27 | INFO    | shard_db | Shard videos_part_2.db -> 200.7 MB
2026-04-23 16:31:27 | INFO    | shard_db | Creating shard /home/runner/workspace/output/db_shards/videos_part_3.db (offset=102516, rows=51258)
2026-04-23 16:31:30 | INFO    | shard_db | Finalizing shard 3 (rows 102517..153774)
2026-04-23 16:31:30 | INFO    | shard_db | Shard videos_part_3.db -> 200.7 MB
2026-04-23 16:31:30 | INFO    | shard_db | Creating shard /home/runner/workspace/output/db_shards/videos_part_4.db (offset=153774, rows=51258)
2026-04-23 16:31:33 | INFO    | shard_db | Finalizing shard 4 (rows 153775..205032)
2026-04-23 16:31:33 | INFO    | shard_db | Shard videos_part_4.db -> 200.7 MB
2026-04-23 16:31:33 | INFO    | shard_db | Creating shard /home/runner/workspace/output/db_shards/videos_part_5.db (offset=205032, rows=51258)
2026-04-23 16:31:36 | INFO    | shard_db | Finalizing shard 5 (rows 205033..256290)
2026-04-23 16:31:36 | INFO    | shard_db | Shard videos_part_5.db -> 200.7 MB
2026-04-23 16:31:36 | INFO    | shard_db | Creating shard /home/runner/workspace/output/db_shards/videos_part_6.db (offset=256290, rows=51258)
2026-04-23 16:31:40 | INFO    | shard_db | Finalizing shard 6 (rows 256291..307548)
2026-04-23 16:31:40 | INFO    | shard_db | Shard videos_part_6.db -> 200.7 MB
2026-04-23 16:31:40 | INFO    | shard_db | Creating shard /home/runner/workspace/output/db_shards/videos_part_7.db (offset=307548, rows=51258)
2026-04-23 16:31:44 | INFO    | shard_db | Finalizing shard 7 (rows 307549..358806)
2026-04-23 16:31:44 | INFO    | shard_db | Shard videos_part_7.db -> 200.7 MB
2026-04-23 16:31:44 | INFO    | shard_db | Creating shard /home/runner/workspace/output/db_shards/videos_part_8.db (offset=358806, rows=51258)
2026-04-23 16:31:48 | INFO    | shard_db | Finalizing shard 8 (rows 358807..410064)
2026-04-23 16:31:48 | INFO    | shard_db | Shard videos_part_8.db -> 200.7 MB
2026-04-23 16:31:48 | INFO    | shard_db | Creating shard /home/runner/workspace/output/db_shards/videos_part_9.db (offset=410064, rows=51258)
2026-04-23 16:31:52 | INFO    | shard_db | Finalizing shard 9 (rows 410065..461322)
2026-04-23 16:31:53 | INFO    | shard_db | Shard videos_part_9.db -> 200.7 MB
2026-04-23 16:31:53 | INFO    | shard_db | Creating shard /home/runner/workspace/output/db_shards/videos_part_10.db (offset=461322, rows=51258)
2026-04-23 16:31:57 | INFO    | shard_db | Finalizing shard 10 (rows 461323..512580)
2026-04-23 16:31:57 | INFO    | shard_db | Shard videos_part_10.db -> 200.7 MB
2026-04-23 16:31:57 | INFO    | shard_db | Creating shard /home/runner/workspace/output/db_shards/videos_part_11.db (offset=512580, rows=51258)
2026-04-23 16:32:02 | INFO    | shard_db | Finalizing shard 11 (rows 512581..563838)
2026-04-23 16:32:02 | INFO    | shard_db | Shard videos_part_11.db -> 200.8 MB
2026-04-23 16:32:02 | INFO    | shard_db | Creating shard /home/runner/workspace/output/db_shards/videos_part_12.db (offset=563838, rows=51258)
2026-04-23 16:32:07 | INFO    | shard_db | Finalizing shard 12 (rows 563839..615096)
2026-04-23 16:32:08 | INFO    | shard_db | Shard videos_part_12.db -> 200.7 MB
2026-04-23 16:32:08 | INFO    | shard_db | Creating shard /home/runner/workspace/output/db_shards/videos_part_13.db (offset=615096, rows=51258)
2026-04-23 16:32:13 | INFO    | shard_db | Finalizing shard 13 (rows 615097..666354)
2026-04-23 16:32:13 | INFO    | shard_db | Shard videos_part_13.db -> 200.7 MB
2026-04-23 16:32:13 | INFO    | shard_db | Creating shard /home/runner/workspace/output/db_shards/videos_part_14.db (offset=666354, rows=51258)
2026-04-23 16:32:19 | INFO    | shard_db | Finalizing shard 14 (rows 666355..717612)
2026-04-23 16:32:19 | INFO    | shard_db | Shard videos_part_14.db -> 200.7 MB
2026-04-23 16:32:19 | INFO    | shard_db | Creating shard /home/runner/workspace/output/db_shards/videos_part_15.db (offset=717612, rows=51258)
2026-04-23 16:32:25 | INFO    | shard_db | Finalizing shard 15 (rows 717613..768870)
2026-04-23 16:32:25 | INFO    | shard_db | Shard videos_part_15.db -> 200.7 MB
2026-04-23 16:32:25 | INFO    | shard_db | Creating shard /home/runner/workspace/output/db_shards/videos_part_16.db (offset=768870, rows=51258)
2026-04-23 16:32:32 | INFO    | shard_db | Finalizing shard 16 (rows 768871..820128)
2026-04-23 16:32:32 | INFO    | shard_db | Shard videos_part_16.db -> 200.7 MB
2026-04-23 16:32:32 | INFO    | shard_db | Creating shard /home/runner/workspace/output/db_shards/videos_part_17.db (offset=820128, rows=51258)
2026-04-23 16:32:38 | INFO    | shard_db | Finalizing shard 17 (rows 820129..871386)
2026-04-23 16:32:39 | INFO    | shard_db | Shard videos_part_17.db -> 200.8 MB
2026-04-23 16:32:39 | INFO    | shard_db | Creating shard /home/runner/workspace/output/db_shards/videos_part_18.db (offset=871386, rows=51258)
2026-04-23 16:32:45 | INFO    | shard_db | Finalizing shard 18 (rows 871387..922644)
2026-04-23 16:32:45 | INFO    | shard_db | Shard videos_part_18.db -> 200.7 MB
2026-04-23 16:32:45 | INFO    | shard_db | Creating shard /home/runner/workspace/output/db_shards/videos_part_19.db (offset=922644, rows=51258)
2026-04-23 16:32:53 | INFO    | shard_db | Finalizing shard 19 (rows 922645..973902)
2026-04-23 16:32:53 | INFO    | shard_db | Shard videos_part_19.db -> 200.7 MB
2026-04-23 16:32:53 | INFO    | shard_db | Creating shard /home/runner/workspace/output/db_shards/videos_part_20.db (offset=973902, rows=51258)
2026-04-23 16:33:00 | INFO    | shard_db | Finalizing shard 20 (rows 973903..1025160)
2026-04-23 16:33:00 | INFO    | shard_db | Shard videos_part_20.db -> 200.8 MB
2026-04-23 16:33:00 | INFO    | shard_db | Creating shard /home/runner/workspace/output/db_shards/videos_part_21.db (offset=1025160, rows=51258)
2026-04-23 16:33:08 | INFO    | shard_db | Finalizing shard 21 (rows 1025161..1076418)
2026-04-23 16:33:09 | INFO    | shard_db | Shard videos_part_21.db -> 200.7 MB
2026-04-23 16:33:09 | INFO    | shard_db | Creating shard /home/runner/workspace/output/db_shards/videos_part_22.db (offset=1076418, rows=51258)
2026-04-23 16:33:17 | INFO    | shard_db | Finalizing shard 22 (rows 1076419..1127676)
2026-04-23 16:33:17 | INFO    | shard_db | Shard videos_part_22.db -> 200.7 MB
2026-04-23 16:33:17 | INFO    | shard_db | Creating shard /home/runner/workspace/output/db_shards/videos_part_23.db (offset=1127676, rows=51258)
2026-04-23 16:33:28 | INFO    | shard_db | Finalizing shard 23 (rows 1127677..1178934)
2026-04-23 16:33:28 | INFO    | shard_db | Shard videos_part_23.db -> 200.7 MB
2026-04-23 16:33:28 | INFO    | shard_db | Creating shard /home/runner/workspace/output/db_shards/videos_part_24.db (offset=1178934, rows=51258)
2026-04-23 16:33:40 | INFO    | shard_db | Finalizing shard 24 (rows 1178935..1230192)
2026-04-23 16:33:40 | INFO    | shard_db | Shard videos_part_24.db -> 200.7 MB
2026-04-23 16:33:40 | INFO    | shard_db | Creating shard /home/runner/workspace/output/db_shards/videos_part_25.db (offset=1230192, rows=51258)
2026-04-23 16:33:54 | INFO    | shard_db | Finalizing shard 25 (rows 1230193..1281450)
2026-04-23 16:33:54 | INFO    | shard_db | Shard videos_part_25.db -> 200.7 MB
2026-04-23 16:33:54 | INFO    | shard_db | Creating shard /home/runner/workspace/output/db_shards/videos_part_26.db (offset=1281450, rows=25708)
2026-04-23 16:34:03 | INFO    | shard_db | Finalizing shard 26 (rows 1281451..1307158)
2026-04-23 16:34:03 | INFO    | shard_db | Shard videos_part_26.db -> 100.7 MB
2026-04-23 16:34:03 | INFO    | shard_db | Wrote /home/runner/workspace/output/db_shards/map.json (26 shards, 1307158 rows)
